[OK] Database tables initialized successfully.
[OK] Database connected and initialized.
[OK] Authentication routes registered.
[OK] Passenger demand model loaded successfully.
[MODEL] Version: unknown | SHA256: unknown...
[OK] Loaded 2004 bus stops from database (Primary).
 * Serving Flask app 'app'
 * Debug mode: on
WARNING: This is a development server. Do not use it in a production deployment. Use a production WSGI server instead.
 * Running on all addresses (0.0.0.0)
 * Running on http://127.0.0.1:5001
 * Running on http://192.168.31.122:5001
Press CTRL+C to quit
 * Restarting with stat
[OK] Database tables initialized successfully.
[OK] Database connected and initialized.
[OK] Authentication routes registered.
[OK] Passenger demand model loaded successfully.
[MODEL] Version: unknown | SHA256: unknown...
[OK] Loaded 2004 bus stops from database (Primary).
 * Debugger is active!
 * Debugger PIN: 572-280-569
 * Detected change in 'b:\\Downloads\\ksrtc-hyro-project-main\\ksrtc-hyro-project-main\\src\\app.py', reloading
 * Restarting with stat
[OK] Database tables initialized successfully.
[OK] Database connected and initialized.
[OK] Authentication routes registered.
[OK] Passenger demand model loaded successfully.
[MODEL] Version: unknown | SHA256: unknown...
[OK] Loaded 2004 bus stops from database (Primary).
 * Debugger is active!
 * Debugger PIN: 572-280-569
 * Detected change in 'b:\\Downloads\\ksrtc-hyro-project-main\\ksrtc-hyro-project-main\\src\\app.py', reloading
 * Restarting with stat
[OK] Database tables initialized successfully.
[OK] Database connected and initialized.
[OK] Authentication routes registered.
[OK] Passenger demand model loaded successfully.
[MODEL] Version: unknown | SHA256: unknown...
[OK] Loaded 2004 bus stops from database (Primary).
 * Debugger is active!
 * Debugger PIN: 572-280-569
[DEBUG] Predict request data: {'distance_km': 15.5, 'num_stops': 5, 'stop_ids': [4, 8, 11, 155, 156]}
127.0.0.1 - - [27/Jan/2026 13:14:20] "POST /predict HTTP/1.1" 200 -
[DEBUG] Predict request data: {'distance_km': 15.5, 'num_stops': 5, 'stop_ids': [4, 8, 11, 155, 156]}
127.0.0.1 - - [27/Jan/2026 13:14:58] "POST /predict HTTP/1.1" 200 -
